TN:
SF:build/routes.ts
FN:77,RegisterRoutes
FN:86,CriptomoedaController_show
FN:110,CriptomoedaController_execute
FN:136,CriptomoedaController_create
FN:162,CriptomoedaController_destroy
FN:188,CriptomoedaController_update
FN:215,CriptomoedaController_updateCotacao
FN:244,isController
FN:248,promiseHandler
FN:267,returnHandler
FN:285,responder
FN:293,getValidatedArgs
FNF:12
FNH:12
FNDA:2,RegisterRoutes
FNDA:3,CriptomoedaController_show
FNDA:2,CriptomoedaController_execute
FNDA:4,CriptomoedaController_create
FNDA:2,CriptomoedaController_destroy
FNDA:3,CriptomoedaController_update
FNDA:3,CriptomoedaController_updateCotacao
FNDA:14,isController
FNDA:14,promiseHandler
FNDA:19,returnHandler
FNDA:14,responder
FNDA:17,getValidatedArgs
DA:1,1
DA:2,1
DA:3,1
DA:4,1
DA:5,1
DA:6,1
DA:7,1
DA:8,1
DA:9,1
DA:10,1
DA:11,1
DA:12,1
DA:13,1
DA:14,1
DA:15,1
DA:16,1
DA:17,1
DA:18,1
DA:19,1
DA:20,1
DA:21,1
DA:22,1
DA:23,1
DA:24,1
DA:25,1
DA:26,1
DA:27,1
DA:28,1
DA:29,1
DA:30,1
DA:31,1
DA:32,1
DA:33,1
DA:34,1
DA:35,1
DA:36,1
DA:37,1
DA:38,1
DA:39,1
DA:40,1
DA:41,1
DA:42,1
DA:43,1
DA:44,1
DA:45,1
DA:46,1
DA:47,1
DA:48,1
DA:49,1
DA:50,1
DA:51,1
DA:52,1
DA:53,1
DA:54,1
DA:55,1
DA:56,1
DA:57,1
DA:58,1
DA:59,1
DA:60,1
DA:61,1
DA:62,1
DA:63,1
DA:64,1
DA:65,1
DA:66,1
DA:67,1
DA:68,1
DA:69,1
DA:70,1
DA:71,1
DA:72,1
DA:73,1
DA:74,1
DA:75,1
DA:76,1
DA:77,2
DA:78,2
DA:79,2
DA:80,2
DA:81,2
DA:82,2
DA:83,2
DA:84,2
DA:85,2
DA:86,2
DA:87,3
DA:88,3
DA:89,3
DA:90,3
DA:91,3
DA:92,3
DA:93,3
DA:94,3
DA:95,3
DA:96,3
DA:97,3
DA:98,3
DA:99,3
DA:100,3
DA:101,3
DA:102,0
DA:103,0
DA:104,2
DA:105,2
DA:106,2
DA:107,2
DA:108,2
DA:109,2
DA:110,2
DA:111,2
DA:112,2
DA:113,2
DA:114,2
DA:115,2
DA:116,2
DA:117,2
DA:118,2
DA:119,2
DA:120,2
DA:121,2
DA:122,2
DA:123,2
DA:124,2
DA:125,2
DA:126,2
DA:127,2
DA:128,0
DA:129,0
DA:130,2
DA:131,2
DA:132,2
DA:133,2
DA:134,2
DA:135,2
DA:136,2
DA:137,4
DA:138,4
DA:139,4
DA:140,4
DA:141,4
DA:142,4
DA:143,4
DA:144,4
DA:145,4
DA:146,4
DA:147,4
DA:148,4
DA:149,4
DA:150,4
DA:151,4
DA:152,4
DA:153,4
DA:154,1
DA:155,1
DA:156,2
DA:157,2
DA:158,2
DA:159,2
DA:160,2
DA:161,2
DA:162,2
DA:163,2
DA:164,2
DA:165,2
DA:166,2
DA:167,2
DA:168,2
DA:169,2
DA:170,2
DA:171,2
DA:172,2
DA:173,2
DA:174,2
DA:175,2
DA:176,2
DA:177,2
DA:178,2
DA:179,2
DA:180,0
DA:181,0
DA:182,2
DA:183,2
DA:184,2
DA:185,2
DA:186,2
DA:187,2
DA:188,2
DA:189,3
DA:190,3
DA:191,3
DA:192,3
DA:193,3
DA:194,3
DA:195,3
DA:196,3
DA:197,3
DA:198,3
DA:199,3
DA:200,3
DA:201,3
DA:202,3
DA:203,3
DA:204,3
DA:205,3
DA:206,3
DA:207,1
DA:208,1
DA:209,2
DA:210,2
DA:211,2
DA:212,2
DA:213,2
DA:214,2
DA:215,2
DA:216,3
DA:217,3
DA:218,3
DA:219,3
DA:220,3
DA:221,3
DA:222,3
DA:223,3
DA:224,3
DA:225,3
DA:226,3
DA:227,3
DA:228,3
DA:229,3
DA:230,3
DA:231,3
DA:232,3
DA:233,3
DA:234,1
DA:235,1
DA:236,2
DA:237,2
DA:238,2
DA:239,2
DA:240,2
DA:241,2
DA:242,2
DA:243,2
DA:244,2
DA:245,14
DA:246,14
DA:247,2
DA:248,2
DA:249,14
DA:250,14
DA:251,14
DA:252,14
DA:253,14
DA:254,14
DA:255,14
DA:256,14
DA:257,14
DA:258,14
DA:259,14
DA:260,14
DA:261,14
DA:262,14
DA:263,14
DA:264,2
DA:265,2
DA:266,2
DA:267,2
DA:268,19
DA:269,5
DA:270,5
DA:271,14
DA:272,0
DA:273,14
DA:274,19
DA:275,0
DA:276,19
DA:277,13
DA:278,14
DA:279,1
DA:280,1
DA:281,19
DA:282,2
DA:283,2
DA:284,2
DA:285,2
DA:286,14
DA:287,5
DA:288,14
DA:289,2
DA:290,2
DA:291,2
DA:292,2
DA:293,2
DA:294,17
DA:295,17
DA:296,34
DA:297,34
DA:298,34
DA:299,0
DA:300,34
DA:301,0
DA:302,34
DA:303,10
DA:304,34
DA:305,0
DA:306,34
DA:307,10
DA:308,34
DA:309,0
DA:310,34
DA:311,0
DA:312,0
DA:313,0
DA:314,0
DA:315,0
DA:316,0
DA:317,0
DA:318,34
DA:319,14
DA:320,34
DA:321,17
DA:322,17
DA:323,17
DA:324,3
DA:325,3
DA:326,14
DA:327,14
DA:328,2
DA:329,2
DA:330,2
DA:331,1
DA:332,1
LF:332
LH:313
BRDA:77,0,0,2
BRDA:86,1,0,3
BRDA:101,2,0,0
BRDA:110,3,0,2
BRDA:127,4,0,0
BRDA:136,5,0,4
BRDA:153,6,0,1
BRDA:162,7,0,2
BRDA:179,8,0,0
BRDA:188,9,0,3
BRDA:206,10,0,1
BRDA:215,11,0,3
BRDA:233,12,0,1
BRDA:244,13,0,14
BRDA:248,14,0,14
BRDA:250,15,0,14
BRDA:255,16,0,9
BRDA:267,17,0,19
BRDA:268,18,0,5
BRDA:271,19,0,14
BRDA:274,20,0,13
BRDA:274,21,0,0
BRDA:274,22,0,0
BRDA:274,23,0,0
BRDA:276,24,0,14
BRDA:276,25,0,13
BRDA:277,26,0,6
BRDA:278,27,0,1
BRDA:279,28,0,0
BRDA:285,29,0,14
BRDA:286,30,0,5
BRDA:293,31,0,17
BRDA:323,32,0,3
BRDA:326,33,0,14
BRDA:295,34,0,34
BRDA:298,35,0,0
BRDA:300,36,0,0
BRDA:302,37,0,10
BRDA:304,38,0,0
BRDA:306,39,0,10
BRDA:308,40,0,0
BRDA:310,41,0,0
BRDA:318,42,0,14
BRF:43
BRH:31
end_of_record
TN:
SF:src/app.ts
FN:31,notFoundHandler
FN:36,errorHandler
FNF:2
FNH:2
FNDA:1,notFoundHandler
FNDA:3,errorHandler
DA:1,1
DA:2,1
DA:3,1
DA:4,1
DA:5,1
DA:6,1
DA:7,1
DA:8,1
DA:9,1
DA:10,1
DA:11,1
DA:12,1
DA:13,1
DA:14,1
DA:15,1
DA:16,1
DA:17,1
DA:18,0
DA:19,0
DA:20,0
DA:21,0
DA:22,1
DA:23,1
DA:24,1
DA:25,1
DA:26,1
DA:27,1
DA:28,1
DA:29,1
DA:30,1
DA:31,1
DA:32,1
DA:33,1
DA:34,1
DA:35,1
DA:36,1
DA:37,3
DA:38,3
DA:39,3
DA:40,3
DA:41,3
DA:42,3
DA:43,3
DA:44,3
DA:45,3
DA:46,3
DA:47,3
DA:48,3
DA:49,0
DA:50,0
DA:51,0
DA:52,0
DA:53,0
DA:54,0
DA:55,1
DA:56,1
DA:57,1
LF:57
LH:47
BRDA:31,0,0,1
BRDA:36,1,0,3
BRDA:46,2,0,0
BRDA:49,3,0,0
BRF:4
BRH:2
end_of_record
TN:
SF:src/controllers/CriptomoedaController.ts
FN:23,show
FN:34,execute
FN:52,create
FN:86,destroy
FN:107,update
FN:139,updateCotacao
FNF:6
FNH:6
FNDA:3,show
FNDA:2,execute
FNDA:3,create
FNDA:2,destroy
FNDA:2,update
FNDA:2,updateCotacao
DA:1,1
DA:2,1
DA:3,1
DA:4,1
DA:5,1
DA:6,1
DA:7,1
DA:8,1
DA:9,1
DA:10,1
DA:11,1
DA:12,1
DA:13,1
DA:14,1
DA:15,1
DA:16,1
DA:17,1
DA:18,1
DA:19,1
DA:20,1
DA:21,1
DA:22,1
DA:23,1
DA:24,3
DA:25,3
DA:26,1
DA:27,1
DA:28,1
DA:29,1
DA:30,1
DA:31,1
DA:32,1
DA:33,1
DA:34,1
DA:35,2
DA:36,2
DA:37,2
DA:38,2
DA:39,2
DA:40,2
DA:41,2
DA:42,1
DA:43,1
DA:44,1
DA:45,1
DA:46,1
DA:47,1
DA:48,1
DA:49,1
DA:50,1
DA:51,1
DA:52,1
DA:53,3
DA:54,3
DA:55,3
DA:56,3
DA:57,3
DA:58,3
DA:59,3
DA:60,3
DA:61,3
DA:62,3
DA:63,1
DA:64,1
DA:65,2
DA:66,2
DA:67,2
DA:68,2
DA:69,2
DA:70,2
DA:71,2
DA:72,2
DA:73,2
DA:74,2
DA:75,2
DA:76,2
DA:77,1
DA:78,1
DA:79,1
DA:80,1
DA:81,1
DA:82,1
DA:83,1
DA:84,1
DA:85,1
DA:86,1
DA:87,2
DA:88,2
DA:89,2
DA:90,2
DA:91,2
DA:92,2
DA:93,1
DA:94,1
DA:95,1
DA:96,1
DA:97,1
DA:98,1
DA:99,1
DA:100,1
DA:101,1
DA:102,1
DA:103,1
DA:104,1
DA:105,1
DA:106,1
DA:107,1
DA:108,2
DA:109,2
DA:110,2
DA:111,2
DA:112,2
DA:113,2
DA:114,2
DA:115,2
DA:116,2
DA:117,2
DA:118,1
DA:119,1
DA:120,1
DA:121,1
DA:122,1
DA:123,1
DA:124,1
DA:125,1
DA:126,1
DA:127,1
DA:128,1
DA:129,1
DA:130,1
DA:131,1
DA:132,1
DA:133,1
DA:134,1
DA:135,1
DA:136,1
DA:137,1
DA:138,1
DA:139,1
DA:140,2
DA:141,2
DA:142,2
DA:143,2
DA:144,2
DA:145,2
DA:146,2
DA:147,2
DA:148,2
DA:149,1
DA:150,1
DA:151,1
DA:152,1
DA:153,1
DA:154,1
DA:155,1
DA:156,1
DA:157,1
DA:158,1
LF:158
LH:158
BRDA:23,0,0,3
BRDA:34,1,0,2
BRDA:39,2,0,1
BRDA:40,3,0,1
BRDA:52,4,0,3
BRDA:62,5,0,1
BRDA:65,6,0,2
BRDA:86,7,0,2
BRDA:92,8,0,1
BRDA:107,9,0,2
BRDA:117,10,0,1
BRDA:139,11,0,2
BRDA:148,12,0,1
BRF:13
BRH:13
end_of_record
TN:
SF:src/loaders/CarregarCriptomoedasRepository.ts
FNF:0
FNH:0
DA:1,1
DA:2,1
DA:3,1
DA:4,1
DA:5,1
LF:5
LH:5
BRF:0
BRH:0
end_of_record
TN:
SF:src/models/Criptomoeda.ts
FN:16,Criptomoeda
FN:34,get getId
FN:38,get getCodigo
FN:42,get getNome
FN:46,get getDescricao
FN:50,get getCotacaoCompra
FN:54,get getCotacaoVenda
FN:58,get getVariacao
FN:62,get getTimestampAtualizacao
FN:66,atualizarCriptomoeda
FN:82,atualizarCotacao
FNF:11
FNH:11
FNDA:6,Criptomoeda
FNDA:1,get getId
FNDA:23,get getCodigo
FNDA:3,get getNome
FNDA:3,get getDescricao
FNDA:3,get getCotacaoCompra
FNDA:3,get getCotacaoVenda
FNDA:3,get getVariacao
FNDA:3,get getTimestampAtualizacao
FNDA:2,atualizarCriptomoeda
FNDA:4,atualizarCotacao
DA:1,1
DA:2,1
DA:3,1
DA:4,1
DA:5,1
DA:6,1
DA:7,1
DA:8,1
DA:9,1
DA:10,1
DA:11,1
DA:12,1
DA:13,1
DA:14,1
DA:15,1
DA:16,1
DA:17,6
DA:18,6
DA:19,6
DA:20,6
DA:21,6
DA:22,6
DA:23,6
DA:24,6
DA:25,6
DA:26,6
DA:27,6
DA:28,6
DA:29,6
DA:30,6
DA:31,6
DA:32,6
DA:33,1
DA:34,1
DA:35,1
DA:36,1
DA:37,1
DA:38,1
DA:39,23
DA:40,23
DA:41,1
DA:42,1
DA:43,3
DA:44,3
DA:45,1
DA:46,1
DA:47,3
DA:48,3
DA:49,1
DA:50,1
DA:51,3
DA:52,3
DA:53,1
DA:54,1
DA:55,3
DA:56,3
DA:57,1
DA:58,1
DA:59,3
DA:60,3
DA:61,1
DA:62,1
DA:63,3
DA:64,3
DA:65,1
DA:66,1
DA:67,2
DA:68,2
DA:69,2
DA:70,2
DA:71,2
DA:72,2
DA:73,2
DA:74,2
DA:75,2
DA:76,2
DA:77,2
DA:78,2
DA:79,2
DA:80,2
DA:81,1
DA:82,1
DA:83,4
DA:84,4
DA:85,4
DA:86,4
DA:87,4
DA:88,4
DA:89,4
DA:90,4
DA:91,4
DA:92,4
DA:93,1
DA:94,1
DA:95,1
DA:96,1
LF:96
LH:96
BRDA:16,0,0,6
BRDA:34,1,0,1
BRDA:38,2,0,23
BRDA:42,3,0,3
BRDA:46,4,0,3
BRDA:50,5,0,3
BRDA:54,6,0,3
BRDA:58,7,0,3
BRDA:62,8,0,3
BRDA:66,9,0,2
BRDA:75,10,0,1
BRDA:75,11,0,1
BRDA:76,12,0,1
BRDA:76,13,0,1
BRDA:77,14,0,1
BRDA:77,15,0,1
BRDA:82,16,0,4
BRF:17
BRH:17
end_of_record
TN:
SF:src/repositories/CriptomoedasRepository.ts
FN:9,CriptomoedasRepository
FN:13,create
FN:33,findByCodigo
FN:40,update
FN:54,updateCotacao
FN:66,delete
FN:77,all
FNF:7
FNH:7
FNDA:2,CriptomoedasRepository
FNDA:2,create
FNDA:12,findByCodigo
FNDA:1,update
FNDA:1,updateCotacao
FNDA:1,delete
FNDA:3,all
DA:1,1
DA:2,1
DA:3,1
DA:4,1
DA:5,1
DA:6,1
DA:7,1
DA:8,1
DA:9,1
DA:10,2
DA:11,2
DA:12,1
DA:13,1
DA:14,2
DA:15,2
DA:16,2
DA:17,2
DA:18,2
DA:19,2
DA:20,2
DA:21,2
DA:22,2
DA:23,2
DA:24,2
DA:25,2
DA:26,2
DA:27,2
DA:28,2
DA:29,2
DA:30,2
DA:31,2
DA:32,1
DA:33,1
DA:34,12
DA:35,12
DA:36,12
DA:37,12
DA:38,12
DA:39,1
DA:40,1
DA:41,1
DA:42,1
DA:43,1
DA:44,1
DA:45,1
DA:46,1
DA:47,1
DA:48,1
DA:49,1
DA:50,1
DA:51,1
DA:52,1
DA:53,1
DA:54,1
DA:55,1
DA:56,1
DA:57,1
DA:58,1
DA:59,1
DA:60,1
DA:61,1
DA:62,1
DA:63,1
DA:64,1
DA:65,1
DA:66,1
DA:67,1
DA:68,1
DA:69,2
DA:70,2
DA:71,1
DA:72,1
DA:73,1
DA:74,1
DA:75,1
DA:76,1
DA:77,1
DA:78,3
DA:79,3
DA:80,1
DA:81,1
DA:82,1
LF:82
LH:82
BRDA:9,0,0,2
BRDA:13,1,0,2
BRDA:33,2,0,12
BRDA:37,3,0,6
BRDA:35,4,0,18
BRDA:40,5,0,1
BRDA:54,6,0,1
BRDA:66,7,0,1
BRDA:68,8,0,2
BRDA:77,9,0,3
BRF:10
BRH:10
end_of_record
TN:
SF:src/routes/index.ts
FNF:0
FNH:0
DA:1,1
DA:2,1
DA:3,1
DA:4,1
DA:5,1
DA:6,1
DA:7,1
DA:8,1
DA:9,1
LF:9
LH:9
BRDA:5,0,0,1
BRF:1
BRH:1
end_of_record
